<?xml version="1.0" encoding="UTF-8"?>
<!-- Generated by org.testng.reporters.JUnitXMLReporter -->
<testsuite ignored="0" hostname="LAPTOP-07C3PUN0" failures="1" tests="1" name="Online Banking App" time="29.081" errors="0" timestamp="2023-03-14T06:08:40 IST">
  <testcase classname="com.inetBanking.testCases.TC_LoginTest_001" name="loginTest" time="13.002">
    <failure type="java.lang.AssertionError" message="expected [true] but found [false]">
      <![CDATA[java.lang.AssertionError: expected [true] but found [false]
at com.inetBanking.testCases.TC_LoginTest_001.loginTest(TC_LoginTest_001.java:29)
at java.base/java.util.ArrayList.forEach(ArrayList.java:1540)
... Removed 31 stack frames]]>
    </failure>
  </testcase> <!-- loginTest -->
</testsuite> <!-- Online Banking App -->
