<?xml version="1.0" encoding="UTF-8"?>
<!-- Generated by org.testng.reporters.JUnitXMLReporter -->
<testsuite ignored="0" hostname="LAPTOP-07C3PUN0" failures="1" tests="2" name="Login" time="0.115" errors="0" timestamp="2023-03-12T14:01:42 IST">
  <testcase classname="listeners.Login" name="loginByEmail" time="0.016"/>
  <testcase classname="listeners.Login" name="loginByFacebook" time="0.007">
    <failure type="junit.framework.ComparisonFailure" message="expected:&amp;lt;ABC[]&amp;gt; but was:&amp;lt;ABC[D]&amp;gt;">
      <![CDATA[junit.framework.ComparisonFailure: expected:<ABC[]> but was:<ABC[D]>
at junit.framework.Assert.assertEquals(Assert.java:100)
at junit.framework.Assert.assertEquals(Assert.java:107)
at listeners.Login.loginByFacebook(Login.java:16)
at java.base/java.util.ArrayList.forEach(ArrayList.java:1540)
... Removed 27 stack frames]]>
    </failure>
  </testcase> <!-- loginByFacebook -->
</testsuite> <!-- Login -->
