<?xml version="1.0" encoding="UTF-8"?>
<testng-results ignored="0" total="1" passed="1" failed="0" skipped="0">
  <reporter-output>
  </reporter-output>
  <suite started-at="2023-03-14T05:39:26 IST" name="InetBankingGuru99" finished-at="2023-03-14T05:39:47 IST" duration-ms="21020">
    <groups>
    </groups>
    <test started-at="2023-03-14T05:39:26 IST" name="Online Banking App" finished-at="2023-03-14T05:39:47 IST" duration-ms="21020">
      <class name="com.inetBanking.testCases.TC_LoginTest_001">
        <test-method is-config="true" signature="setUp(java.lang.String)[pri:0, instance:com.inetBanking.testCases.TC_LoginTest_001@59af0466]" started-at="2023-03-14T05:39:27 IST" name="setUp" finished-at="2023-03-14T05:39:38 IST" duration-ms="11071" status="PASS">
          <params>
            <param index="0">
              <value>
                <![CDATA[chrome]]>
              </value>
            </param>
          </params>
          <reporter-output>
          </reporter-output>
        </test-method> <!-- setUp -->
        <test-method signature="loginTest()[pri:0, instance:com.inetBanking.testCases.TC_LoginTest_001@59af0466]" started-at="2023-03-14T05:39:38 IST" name="loginTest" finished-at="2023-03-14T05:39:46 IST" duration-ms="8269" status="PASS">
          <reporter-output>
          </reporter-output>
        </test-method> <!-- loginTest -->
        <test-method is-config="true" signature="tearDown()[pri:0, instance:com.inetBanking.testCases.TC_LoginTest_001@59af0466]" started-at="2023-03-14T05:39:46 IST" name="tearDown" finished-at="2023-03-14T05:39:47 IST" duration-ms="1176" status="PASS">
          <reporter-output>
          </reporter-output>
        </test-method> <!-- tearDown -->
      </class> <!-- com.inetBanking.testCases.TC_LoginTest_001 -->
    </test> <!-- Online Banking App -->
  </suite> <!-- InetBankingGuru99 -->
</testng-results>
